Removed Pin From Net: NetName=POWER Pin=C5-1
Removed Pin From Net: NetName=GND Pin=C5-2
Removed Pin From Net: NetName=GND Pin=J4-1
Removed Pin From Net: NetName=GND Pin=J4-2
Removed Pin From Net: NetName=GND Pin=J4-3
Removed Pin From Net: NetName=GND Pin=J4-4
Removed Pin From Net: NetName=AGND Pin=P3-1
Removed Pin From Net: NetName=AGND Pin=P3-3
Removed Pin From Net: NetName=AGND Pin=P3-4
Removed Pin From Net: NetName=AGND Pin=P3-5
Removed Pin From Net: NetName=NetC11_2 Pin=P3-6
Removed Pin From Net: NetName=AGND Pin=P3-8
Removed Pin From Net: NetName=GND Pin=Q22-3
Removed Pin From Net: NetName=GND Pin=Q22-3
Removed Pin From Net: NetName=GND Pin=R24-1
Removed Pin From Net: NetName=NetC11_2 Pin=Rfbk_I-2
Removed Pin From Net: NetName=AGND Pin=Rfbk_V2-1
Removed Pin From Net: NetName=NetC11_2 Pin=Rfbk_V-2
Removed Member From Class: ClassName=Wireless power_inverter Member=J4
Added Pin To Net: NetName=POWER Pin=C5-2
Added Pin To Net: NetName=NetC11_2 Pin=J2-1
Added Pin To Net: NetName=GND Pin=P3-1
Added Pin To Net: NetName=GND Pin=P3-3
Added Pin To Net: NetName=GND Pin=P3-4
Added Pin To Net: NetName=GND Pin=P3-5
Added Pin To Net: NetName=GND Pin=P3-6
Added Pin To Net: NetName=GND Pin=P3-8
Added Pin To Net: NetName=GND Pin=Rfbk_I-1
Added Pin To Net: NetName=GND Pin=Rfbk_V2-1
Added Pin To Net: NetName=NetC21_2 Pin=Rfbk_V-2
Added Pin To Net: NetName=NetC5_1 Pin=C5-1
Added Pin To Net: NetName=NetC5_1 Pin=P3-2
Added Pin To Net: NetName=NetC5_1 Pin=Q22-3
Added Pin To Net: NetName=NetC5_1 Pin=Q22-3
Added Pin To Net: NetName=NetC5_1 Pin=R24-1
Added Pin To Net: NetName=NetC5_1 Pin=Rfbk_I-2
Added Net: Name=NetC5_1
Added Room: Name=Wireless power_inverter
