Removed Pin From Net: NetName=AGND Pin=P3-1
Removed Pin From Net: NetName=AGND Pin=P3-3
Removed Pin From Net: NetName=AGND Pin=P3-4
Removed Pin From Net: NetName=AGND Pin=P3-5
Removed Pin From Net: NetName=AGND Pin=P3-8
Removed Pin From Net: NetName=GND Pin=Q12-3
Removed Pin From Net: NetName=GND Pin=Q12-3
Removed Pin From Net: NetName=NetP3_2 Pin=Q22-3
Removed Pin From Net: NetName=NetP3_2 Pin=Q22-3
Removed Pin From Net: NetName=GND Pin=R14-1
Removed Pin From Net: NetName=NetP3_2 Pin=R24-1
Removed Pin From Net: NetName=AGND Pin=Rfbk_V2-1
Added Pin To Net: NetName=GND Pin=P3-1
Added Pin To Net: NetName=GND Pin=P3-3
Added Pin To Net: NetName=GND Pin=P3-4
Added Pin To Net: NetName=GND Pin=P3-5
Added Pin To Net: NetName=GND Pin=P3-6
Added Pin To Net: NetName=GND Pin=P3-8
Added Pin To Net: NetName=NetP3_2 Pin=Q12-3
Added Pin To Net: NetName=NetP3_2 Pin=Q12-3
Added Pin To Net: NetName=GND Pin=Q22-3
Added Pin To Net: NetName=GND Pin=Q22-3
Added Pin To Net: NetName=NetP3_2 Pin=R14-1
Added Pin To Net: NetName=GND Pin=R24-1
Added Pin To Net: NetName=GND Pin=Rfbk_V2-1
Added Room: Name=Wireless power_inverter
