Change Component Comment : Designator=P1 Old Comment=VCC New Comment=+12V
Added Component: Designator=LED?(0603_LED)
Add component (AddParameter): Name = "LatestRevisionDate"; Value = "17-Jul-2002"; VariantName = "[No Variations]"
Add component (AddParameter): Name = "LatestRevisionNote"; Value = "Re-released for DXP Platform."; VariantName = "[No Variations]"
Add component (AddParameter): Name = "PackageDescription"; Value = "SM LED; 2 Flat Leads"; VariantName = "[No Variations]"
Add component (AddParameter): Name = "PackageReference"; Value = "3.2X1.6X1.1"; VariantName = "[No Variations]"
Add component (AddParameter): Name = "PackageVersion"; Value = "Feb-2002"; VariantName = "[No Variations]"
Add component (AddParameter): Name = "Published"; Value = "8-Jun-2000"; VariantName = "[No Variations]"
Add component (AddParameter): Name = "Publisher"; Value = "Altium Limited"; VariantName = "[No Variations]"
Added Component: Designator=P3(050-2)
Added Component: Designator=R?(0603-R)
Added Pin To Net: NetName=GND Pin=LED?-2
Added Pin To Net: NetName=+3V3 Pin=P3-1
Added Pin To Net: NetName=GND Pin=P3-2
Added Pin To Net: NetName=+3V3 Pin=R?-2
Added Pin To Net: NetName=NetLED?_1 Pin=LED?-1
Added Pin To Net: NetName=NetLED?_1 Pin=R?-1
Added Net: Name=NetLED?_1
Added Member To Class: ClassName=inverter_2EDF7275K Member=Component LED?
Added Member To Class: ClassName=inverter_2EDF7275K Member=Component P3 3V3
Added Member To Class: ClassName=inverter_2EDF7275K Member=Component R? 2K
Added Room: Name=inverter_2EDF7275K
