Added Component: Designator=Rfbk_V1(AXIAL0.3)
Add component (AddParameter): Name = "LatestRevisionDate"; Value = "17-Jul-2002"; VariantName = "[No Variations]"
Add component (AddParameter): Name = "LatestRevisionNote"; Value = "Re-released for DXP Platform."; VariantName = "[No Variations]"
Add component (AddParameter): Name = "PackageDescription"; Value = "Axial Device, Thru-Hole; 2 Leads; 0.4 in Pin Spacing"; VariantName = "[No Variations]"
Add component (AddParameter): Name = "PackageReference"; Value = "AXIAL-0.4"; VariantName = "[No Variations]"
Add component (AddParameter): Name = "Published"; Value = "8-Jun-2000"; VariantName = "[No Variations]"
Add component (AddParameter): Name = "Publisher"; Value = "Altium Limited"; VariantName = "[No Variations]"
Add component (AddParameter): Name = "Value"; Value = "0.05"; VariantName = "[No Variations]"
Added Component: Designator=Rfbk_V2(AXIAL0.3)
Add component (AddParameter): Name = "LatestRevisionDate"; Value = "17-Jul-2002"; VariantName = "[No Variations]"
Add component (AddParameter): Name = "LatestRevisionNote"; Value = "Re-released for DXP Platform."; VariantName = "[No Variations]"
Add component (AddParameter): Name = "PackageDescription"; Value = "Axial Device, Thru-Hole; 2 Leads; 0.4 in Pin Spacing"; VariantName = "[No Variations]"
Add component (AddParameter): Name = "PackageReference"; Value = "AXIAL-0.4"; VariantName = "[No Variations]"
Add component (AddParameter): Name = "Published"; Value = "8-Jun-2000"; VariantName = "[No Variations]"
Add component (AddParameter): Name = "Publisher"; Value = "Altium Limited"; VariantName = "[No Variations]"
Add component (AddParameter): Name = "Value"; Value = "0.05"; VariantName = "[No Variations]"
Added Pin To Net: NetName=NetC6_1 Pin=Rfbk_V1-2
Added Pin To Net: NetName=GND Pin=Rfbk_V2-1
Added Pin To Net: NetName=NetRfbk_V1_1 Pin=Rfbk_V1-1
Added Pin To Net: NetName=NetRfbk_V1_1 Pin=Rfbk_V2-2
Added Net: Name=NetRfbk_V1_1
Added Member To Class: ClassName=inverter_2EDF7275K Member=Component Rfbk_V1 300K 0.1%
Added Member To Class: ClassName=inverter_2EDF7275K Member=Component Rfbk_V2 300K 0.1%
Added Room: Name=inverter_2EDF7275K
