Removed Pin From Net: NetName=NetC1_2 Pin=C1-2
Removed Pin From Net: NetName=GND Pin=U1-8
Removed Pin From Net: NetName=NetD4_2 Pin=U1-9
Removed Pin From Net: NetName=+12 Pin=U1-10
Removed Pin From Net: NetName=NetC1_2 Pin=U1-11
Removed Pin From Net: NetName=NetD1_2 Pin=U1-12
Added Pin To Net: NetName=NetC1_2 Pin=C1-1
Added Pin To Net: NetName=NetU1_3 Pin=J1-2
Added Pin To Net: NetName=NetC1_2 Pin=U1-8
Added Pin To Net: NetName=NetD1_2 Pin=U1-9
Added Pin To Net: NetName=GND Pin=U1-11
Added Pin To Net: NetName=NetD4_2 Pin=U1-12
Added Pin To Net: NetName=+12 Pin=U1-13
Added Pin To Net: NetName=NetU1_3 Pin=U2-4
Change Net Name : Old Net Name=NetC1_2 New Net Name=NetC1_1
Change Net Name : Old Net Name=NetU1_3 New Net Name=NetJ1_2
Added Pin To Net: NetName=NetC1_2 Pin=C1-2
Added Pin To Net: NetName=NetC1_2 Pin=R1-1
Added Pin To Net: NetName=NetC1_2 Pin=U1-10
Added Net: Name=NetC1_2
Added Room: Name=inverter_2EDF7275K
