Removed Pin From Net: NetName=NetC1_1 Pin=C1-1
Removed Pin From Net: NetName=GND Pin=C3-1
Removed Pin From Net: NetName=+12 Pin=C3-2
Removed Pin From Net: NetName=NetC1_1 Pin=U1-8
Removed Pin From Net: NetName=NetD1_2 Pin=U1-9
Removed Pin From Net: NetName=GND Pin=U1-11
Removed Pin From Net: NetName=NetD4_2 Pin=U1-12
Removed Pin From Net: NetName=+12 Pin=U1-13
Added Pin To Net: NetName=GND Pin=C1-1
Added Pin To Net: NetName=+12 Pin=C1-2
Added Pin To Net: NetName=NetC1_1 Pin=C3-1
Added Pin To Net: NetName=GND Pin=U1-8
Added Pin To Net: NetName=NetD4_2 Pin=U1-9
Added Pin To Net: NetName=+12 Pin=U1-10
Added Pin To Net: NetName=NetC1_1 Pin=U1-11
Added Pin To Net: NetName=NetD1_2 Pin=U1-12
Change Net Name : Old Net Name=NetC1_1 New Net Name=NetC3_1
Added Pin To Net: NetName=NetC3_2 Pin=C3-2
Added Pin To Net: NetName=NetC3_2 Pin=R1-1
Added Pin To Net: NetName=NetC3_2 Pin=U1-13
Added Net: Name=NetC3_2
Added Room: Name=inverter_2EDF7275K
