Removed Pin From Net: NetName=POWER Pin=Q1-5
Removed Pin From Net: NetName=POWER Pin=Q1-6
Removed Pin From Net: NetName=POWER Pin=Q1-7
Removed Pin From Net: NetName=POWER Pin=Q1-8
Added Component: Designator=F?(PIN-W2/E2.8)
Add component (AddParameter): Name = "LatestRevisionDate"; Value = "17-Jul-2002"; VariantName = "[No Variations]"
Add component (AddParameter): Name = "LatestRevisionNote"; Value = "Re-released for DXP Platform."; VariantName = "[No Variations]"
Add component (AddParameter): Name = "PackageDescription"; Value = "Thru-Hole; 2 Leads"; VariantName = "[No Variations]"
Add component (AddParameter): Name = "PackageReference"; Value = "PIN-W2/E2.8"; VariantName = "[No Variations]"
Add component (AddParameter): Name = "Published"; Value = "8-Jun-2000"; VariantName = "[No Variations]"
Add component (AddParameter): Name = "Publisher"; Value = "Altium Limited"; VariantName = "[No Variations]"
Added Pin To Net: NetName=POWER Pin=F?-2
Added Pin To Net: NetName=NetF?_1 Pin=F?-1
Added Pin To Net: NetName=NetF?_1 Pin=Q1-5
Added Pin To Net: NetName=NetF?_1 Pin=Q1-6
Added Pin To Net: NetName=NetF?_1 Pin=Q1-7
Added Pin To Net: NetName=NetF?_1 Pin=Q1-8
Added Net: Name=NetF?_1
Added Member To Class: ClassName=inverter_2EDF7275K Member=Component F? Fuse 1
Added Room: Name=inverter_2EDF7275K
