Removed Pin From Net: NetName=NetJ1_3 Pin=U1-2
Removed Pin From Net: NetName=NetJ1_3 Pin=U2-2
Removed Pin From Net: NetName=NetJ1_3 Pin=U3-3
Change Component Footprint: Designator=J1 Old Footprint=HDR1X3 New Footprint=HDR1X6
Change Component Comment : Designator=J1 Old Comment=PORT New Comment=Header 6
Change component parameters: Designator = "J1" ("J1"); Footprint = "HDR1X3"; UniqueID = "\JJWHTTKI" ("\JJWHTTKI")
Change component parameters (AddParameter): Name = "LatestRevisionDate"; Value = "17-Jul-2002"; VariantName = "[No Variations]"
Change component parameters (AddParameter): Name = "LatestRevisionNote"; Value = "Re-released for DXP Platform."; VariantName = "[No Variations]"
Change component parameters (AddParameter): Name = "Publisher"; Value = "Altium Limited"; VariantName = "[No Variations]"
Added Pin To Net: NetName=NetJ1_3 Pin=J1-4
Added Pin To Net: NetName=NetJ1_3 Pin=U2-12
Added Pin To Net: NetName=+3V3 Pin=U2-13
Added Pin To Net: NetName=NetJ1_3 Pin=U3-2
Added Pin To Net: NetName=NetJ1_5 Pin=J1-5
Added Pin To Net: NetName=NetJ1_5 Pin=J1-6
Added Pin To Net: NetName=NetJ1_5 Pin=U1-3
Added Pin To Net: NetName=NetJ1_5 Pin=U2-2
Added Net: Name=NetJ1_5
Added Pin To Net: NetName=NetU1_2 Pin=U1-2
Added Pin To Net: NetName=NetU1_2 Pin=U2-3
Added Net: Name=NetU1_2
Added Pin To Net: NetName=NetU2_11 Pin=U2-11
Added Pin To Net: NetName=NetU2_11 Pin=U3-3
Added Net: Name=NetU2_11
Added Room: Name=inverter_2EDF7275K
