Removed Pin From Net: NetName=AGND Pin=P3-1
Removed Pin From Net: NetName=AGND Pin=P3-3
Removed Pin From Net: NetName=AGND Pin=P3-4
Removed Pin From Net: NetName=AGND Pin=P3-5
Removed Pin From Net: NetName=AGND Pin=P3-8
Removed Pin From Net: NetName=AGND Pin=Rfbk_V2-1
Removed Pin From Net: NetName=NetC11_2 Pin=Rfbk_V-2
Added Component: Designator=J4(SIP4)
Added Pin To Net: NetName=GND Pin=J4-1
Added Pin To Net: NetName=GND Pin=J4-2
Added Pin To Net: NetName=GND Pin=J4-3
Added Pin To Net: NetName=GND Pin=J4-4
Added Pin To Net: NetName=GND Pin=P3-1
Added Pin To Net: NetName=GND Pin=P3-3
Added Pin To Net: NetName=GND Pin=P3-4
Added Pin To Net: NetName=GND Pin=P3-5
Added Pin To Net: NetName=GND Pin=P3-6
Added Pin To Net: NetName=GND Pin=P3-8
Added Pin To Net: NetName=GND Pin=Rfbk_V2-1
Added Pin To Net: NetName=NetC21_2 Pin=Rfbk_V-2
Added Member To Class: ClassName=Wireless power_inverter Member=Component J4 CON4
Added Room: Name=Wireless power_inverter
