Removed Pin From Net: NetName=Net_1 Pin=R2-1
Removed Pin From Net: NetName=GND Pin=R2-2
Removed Pin From Net: NetName=NetD2_2 Pin=U2-4
Removed Pin From Net: NetName=GND Pin=U2-6
Added Component: Designator=C10(CB1)
Added Component: Designator=D5(AXIAL0.1Z)
Added Component: Designator=D6(DO-41)
Added Pin To Net: NetName=Net_3 Pin=C10-1
Added Pin To Net: NetName=VCC Pin=D5-1
Added Pin To Net: NetName=Net_3 Pin=D6-1
Added Pin To Net: NetName=Net_1 Pin=D6-2
Added Pin To Net: NetName=Net_3 Pin=R2-1
Added Pin To Net: NetName=Net_1 Pin=R2-2
Added Pin To Net: NetName=Net_3 Pin=U2-6
Added Pin To Net: NetName=NetD2_2 Pin=U2-7
Added Pin To Net: NetName=NetC10_2 Pin=C10-2
Added Pin To Net: NetName=NetC10_2 Pin=D5-2
Added Pin To Net: NetName=NetC10_2 Pin=U2-8
Added Net: Name=NetC10_2
Added Member To Class: ClassName=BUCK-BOOST电路 Member=Component C1 Cap Pol1
Added Member To Class: ClassName=BUCK-BOOST电路 Member=Component C2 Cap Pol1
Added Member To Class: ClassName=BUCK-BOOST电路 Member=Component C3 Cap
Added Member To Class: ClassName=BUCK-BOOST电路 Member=Component C4 Cap
Added Member To Class: ClassName=BUCK-BOOST电路 Member=Component C5 Cap
Added Member To Class: ClassName=BUCK-BOOST电路 Member=Component C6 Cap
Added Member To Class: ClassName=BUCK-BOOST电路 Member=Component C10 Cap
Added Member To Class: ClassName=BUCK-BOOST电路 Member=Component D1 MBR20150
Added Member To Class: ClassName=BUCK-BOOST电路 Member=Component D2 SS14
Added Member To Class: ClassName=BUCK-BOOST电路 Member=Component D3 IN4007
Added Member To Class: ClassName=BUCK-BOOST电路 Member=Component D4 SS14
Added Member To Class: ClassName=BUCK-BOOST电路 Member=Component D5 IN4007
Added Member To Class: ClassName=BUCK-BOOST电路 Member=Component D6 Diode 1N4172
Added Member To Class: ClassName=BUCK-BOOST电路 Member=Component J2 CON4
Added Member To Class: ClassName=BUCK-BOOST电路 Member=Component K1 HHC66A-1Z-12VDC
Added Member To Class: ClassName=BUCK-BOOST电路 Member=Component L1 Inductor
Added Member To Class: ClassName=BUCK-BOOST电路 Member=Component L2 Inductor
Added Member To Class: ClassName=BUCK-BOOST电路 Member=Component LED1 
Added Member To Class: ClassName=BUCK-BOOST电路 Member=Component P1 VCC
Added Member To Class: ClassName=BUCK-BOOST电路 Member=Component P2 VCC
Added Member To Class: ClassName=BUCK-BOOST电路 Member=Component P3 Header 4X2
Added Member To Class: ClassName=BUCK-BOOST电路 Member=Component R1 Res1
Added Member To Class: ClassName=BUCK-BOOST电路 Member=Component R2 Res1
Added Member To Class: ClassName=BUCK-BOOST电路 Member=Component R3 Res1
Added Member To Class: ClassName=BUCK-BOOST电路 Member=Component R4 Res1
Added Member To Class: ClassName=BUCK-BOOST电路 Member=Component R5 Res1
Added Member To Class: ClassName=BUCK-BOOST电路 Member=Component R6 Res1
Added Member To Class: ClassName=BUCK-BOOST电路 Member=Component R7 Res1
Added Member To Class: ClassName=BUCK-BOOST电路 Member=Component R9 2K
Added Member To Class: ClassName=BUCK-BOOST电路 Member=Component R10 Res1
Added Member To Class: ClassName=BUCK-BOOST电路 Member=Component R11 Res1
Added Member To Class: ClassName=BUCK-BOOST电路 Member=Component S1 switch1
Added Member To Class: ClassName=BUCK-BOOST电路 Member=Component  IRFB4115PBF
Added Member To Class: ClassName=BUCK-BOOST电路 Member=Component U1 Optoisolator1
Added Member To Class: ClassName=BUCK-BOOST电路 Member=Component U2 IR2184s
Added Room: Name=BUCK-BOOST电路
