Added Component: Designator=J3(SIP4)
Added Component: Designator=J4(SIP4)
Added Component: Designator=J5(SIP4)
Added Component: Designator=J6(SIP4)
Added Pin To Net: NetName=AGND Pin=J3-1
Added Pin To Net: NetName=AGND Pin=J3-2
Added Pin To Net: NetName=AGND Pin=J3-3
Added Pin To Net: NetName=AGND Pin=J3-4
Added Pin To Net: NetName=GND Pin=J4-1
Added Pin To Net: NetName=GND Pin=J4-2
Added Pin To Net: NetName=GND Pin=J4-3
Added Pin To Net: NetName=GND Pin=J4-4
Added Pin To Net: NetName=+12 Pin=J5-1
Added Pin To Net: NetName=+12 Pin=J5-2
Added Pin To Net: NetName=+12 Pin=J5-3
Added Pin To Net: NetName=+12 Pin=J5-4
Added Pin To Net: NetName=POWER Pin=J6-1
Added Pin To Net: NetName=POWER Pin=J6-2
Added Pin To Net: NetName=POWER Pin=J6-3
Added Pin To Net: NetName=POWER Pin=J6-4
Added Member To Class: ClassName=Wireless power1 Member=Component J3 CON4
Added Member To Class: ClassName=Wireless power1 Member=Component J4 CON4
Added Member To Class: ClassName=Wireless power1 Member=Component J5 CON4
Added Member To Class: ClassName=Wireless power1 Member=Component J6 CON4
Added Room: Name=Wireless power1
