Added Component: Designator=U1(QFN80P400X400X100_HS-13M)
Added Component: Designator=U2(QFN80P400X400X100_HS-13M)
Added Pin To Net: NetName=NetC11_1 Pin=U1-1
Added Pin To Net: NetName=NetD11_2 Pin=U1-2
Added Pin To Net: NetName=NetC11_2 Pin=U1-3
Added Pin To Net: NetName=AGND Pin=U1-4
Added Pin To Net: NetName=AGND Pin=U1-4
Added Pin To Net: NetName=NetC12_2 Pin=U1-5
Added Pin To Net: NetName=AGND Pin=U1-6
Added Pin To Net: NetName=NetJ1_3 Pin=U1-7
Added Pin To Net: NetName=NetJ1_3 Pin=U1-8
Added Pin To Net: NetName=+12 Pin=U1-9
Added Pin To Net: NetName=GND Pin=U1-10
Added Pin To Net: NetName=NetD12_2 Pin=U1-11
Added Pin To Net: NetName=+12 Pin=U1-12
Added Pin To Net: NetName=NetC21_1 Pin=U2-1
Added Pin To Net: NetName=NetD21_2 Pin=U2-2
Added Pin To Net: NetName=NetC21_2 Pin=U2-3
Added Pin To Net: NetName=AGND Pin=U2-4
Added Pin To Net: NetName=AGND Pin=U2-4
Added Pin To Net: NetName=NetC22_2 Pin=U2-5
Added Pin To Net: NetName=NetJ1_3 Pin=U2-6
Added Pin To Net: NetName=+12 Pin=U2-7
Added Pin To Net: NetName=AGND Pin=U2-8
Added Pin To Net: NetName=NetJ1_3 Pin=U2-9
Added Pin To Net: NetName=GND Pin=U2-10
Added Pin To Net: NetName=NetD22_2 Pin=U2-11
Added Pin To Net: NetName=+12 Pin=U2-12
Added Member To Class: ClassName=Wireless power1 Member=Component U1 MAX5064BATC+
Added Member To Class: ClassName=Wireless power1 Member=Component U2 MAX5064BATC+
Added Room: Name=Wireless power1
